mode: set
github.com/candylaserknight/paulo/session/session.go:20.53,25.16 3 1
github.com/candylaserknight/paulo/session/session.go:30.2,30.48 1 1
github.com/candylaserknight/paulo/session/session.go:35.2,35.47 1 1
github.com/candylaserknight/paulo/session/session.go:40.2,49.40 8 1
github.com/candylaserknight/paulo/session/session.go:60.2,60.16 1 1
github.com/candylaserknight/paulo/session/session.go:25.16,27.3 1 0
github.com/candylaserknight/paulo/session/session.go:30.48,32.3 1 1
github.com/candylaserknight/paulo/session/session.go:35.47,37.3 1 0
github.com/candylaserknight/paulo/session/session.go:50.15,50.15 0 0
github.com/candylaserknight/paulo/session/session.go:52.26,52.26 0 0
github.com/candylaserknight/paulo/session/session.go:54.32,54.32 0 0
github.com/candylaserknight/paulo/session/session.go:56.10,56.10 0 1
github.com/candylaserknight/paulo/render/render.go:34.111,35.37 1 1
github.com/candylaserknight/paulo/render/render.go:45.2,45.52 1 1
github.com/candylaserknight/paulo/render/render.go:36.12,37.36 1 1
github.com/candylaserknight/paulo/render/render.go:39.13,40.48 1 1
github.com/candylaserknight/paulo/render/render.go:42.10,42.10 0 1
github.com/candylaserknight/paulo/render/render.go:49.102,51.16 2 1
github.com/candylaserknight/paulo/render/render.go:55.2,56.17 2 1
github.com/candylaserknight/paulo/render/render.go:60.2,61.16 2 1
github.com/candylaserknight/paulo/render/render.go:65.2,65.12 1 1
github.com/candylaserknight/paulo/render/render.go:51.16,53.3 1 1
github.com/candylaserknight/paulo/render/render.go:56.17,58.3 1 0
github.com/candylaserknight/paulo/render/render.go:61.16,63.3 1 0
github.com/candylaserknight/paulo/render/render.go:69.122,72.22 2 1
github.com/candylaserknight/paulo/render/render.go:78.2,79.17 2 1
github.com/candylaserknight/paulo/render/render.go:83.2,84.16 2 1
github.com/candylaserknight/paulo/render/render.go:89.2,89.46 1 1
github.com/candylaserknight/paulo/render/render.go:94.2,94.12 1 1
github.com/candylaserknight/paulo/render/render.go:72.22,74.3 1 1
github.com/candylaserknight/paulo/render/render.go:74.8,76.3 1 0
github.com/candylaserknight/paulo/render/render.go:79.17,81.3 1 0
github.com/candylaserknight/paulo/render/render.go:84.16,87.3 2 1
github.com/candylaserknight/paulo/render/render.go:89.46,92.3 2 0
